Using pre-set license
Built from '2020.2/release' branch; Version is '2020.2.1f1 (270dd8c3da1c) revision 2559448'; Using compiler version '192528614'; Build Type 'Release'
OS: 'Windows 10  (10.0.0) 64bit' Language: 'en' Physical Memory: 32207 MB
BatchMode: 1, IsHumanControllingUs: 0, StartBugReporterOnCrash: 0, Is64bit: 1, IsPro: 0

 COMMAND LINE ARGUMENTS:
F:\Program Files\Unity\Hub\Editor\2020.2.1f1\Editor\Unity.exe
-adb2
-batchMode
-noUpm
-name
AssetImportWorker3
-projectPath
F:/Unity Projects/Semester 6/FinalGameJam
-logFile
Logs/AssetImportWorker3.log
-srvPort
55870
Successfully changed project path to: F:/Unity Projects/Semester 6/FinalGameJam
F:/Unity Projects/Semester 6/FinalGameJam
Using Asset Import Pipeline V2.
Refreshing native plugins compatible for Editor in 68.90 ms, found 0 plugins.
Preloading 0 native plugins for Editor in 0.00 ms.
Initialize engine version: 2020.2.1f1 (270dd8c3da1c)
[Subsystems] Discovering subsystems at path F:/Program Files/Unity/Hub/Editor/2020.2.1f1/Editor/Data/Resources/UnitySubsystems
[Subsystems] Discovering subsystems at path F:/Unity Projects/Semester 6/FinalGameJam/Assets
GfxDevice: creating device client; threaded=0
Direct3D:
    Version:  Direct3D 11.0 [level 11.1]
    Renderer: NVIDIA GeForce GTX 1060 6GB (ID=0x1c03)
    Vendor:   
    VRAM:     6052 MB
    Driver:   27.21.14.5671
Initialize mono
Mono path[0] = 'F:/Program Files/Unity/Hub/Editor/2020.2.1f1/Editor/Data/Managed'
Mono path[1] = 'F:/Program Files/Unity/Hub/Editor/2020.2.1f1/Editor/Data/MonoBleedingEdge/lib/mono/unityjit'
Mono config path = 'F:/Program Files/Unity/Hub/Editor/2020.2.1f1/Editor/Data/MonoBleedingEdge/etc'
Using monoOptions --debugger-agent=transport=dt_socket,embedding=1,server=y,suspend=n,address=127.0.0.1:56408
Begin MonoManager ReloadAssembly
Registering precompiled unity dll's ...
Register platform support module: F:/Program Files/Unity/Hub/Editor/2020.2.1f1/Editor/Data/PlaybackEngines/WebGLSupport/UnityEditor.WebGL.Extensions.dll
Register platform support module: F:/Program Files/Unity/Hub/Editor/2020.2.1f1/Editor/Data/PlaybackEngines/MacStandaloneSupport/UnityEditor.OSXStandalone.Extensions.dll
Register platform support module: F:/Program Files/Unity/Hub/Editor/2020.2.1f1/Editor/Data/PlaybackEngines/WindowsStandaloneSupport/UnityEditor.WindowsStandalone.Extensions.dll
Register platform support module: F:/Program Files/Unity/Hub/Editor/2020.2.1f1/Editor/Data/PlaybackEngines/LinuxStandaloneSupport/UnityEditor.LinuxStandalone.Extensions.dll
Register platform support module: F:/Program Files/Unity/Hub/Editor/2020.2.1f1/Editor/Data/PlaybackEngines/LuminSupport/UnityEditor.Lumin.Extensions.dll
Registered in 0.003610 seconds.
Native extension for Lumin target not found
Native extension for LinuxStandalone target not found
Native extension for WindowsStandalone target not found
Native extension for OSXStandalone target not found
Native extension for WebGL target not found
Refreshing native plugins compatible for Editor in 43.41 ms, found 0 plugins.
Preloading 0 native plugins for Editor in 0.00 ms.
Invoked RoslynAnalysisRunner static constructor.
RoslynAnalysisRunner will not be running.
RoslynAnalysisRunner has terminated.
Mono: successfully reloaded assembly
- Completed reload, in  2.445 seconds
Platform modules already initialized, skipping
Registering precompiled user dll's ...
Registered in 0.000970 seconds.
Begin MonoManager ReloadAssembly
Native extension for Lumin target not found
Native extension for LinuxStandalone target not found
Native extension for WindowsStandalone target not found
Native extension for OSXStandalone target not found
Native extension for WebGL target not found
Refreshing native plugins compatible for Editor in 67.46 ms, found 0 plugins.
Preloading 0 native plugins for Editor in 0.00 ms.
Invoked RoslynAnalysisRunner static constructor.
RoslynAnalysisRunner will not be running.
RoslynAnalysisRunner has terminated.
Mono: successfully reloaded assembly
- Completed reload, in  1.891 seconds
Platform modules already initialized, skipping
========================================================================
Worker process is ready to serve import requests
Launched and connected shader compiler UnityShaderCompiler.exe after 0.98 seconds
Refreshing native plugins compatible for Editor in 0.33 ms, found 0 plugins.
Preloading 0 native plugins for Editor in 0.00 ms.
Unloading 1404 Unused Serialized files (Serialized files now loaded: 0)
System memory in use before: 79.3 MB.
System memory in use after: 79.4 MB.

Unloading 12 unused Assets to reduce memory usage. Loaded Objects now: 1872.
Total: 2.146200 ms (FindLiveObjects: 0.321500 ms CreateObjectMapping: 0.073300 ms MarkObjects: 1.628900 ms  DeleteObjects: 0.119400 ms)

========================================================================
Received Import Request.
  path: Assets/CasualGameSounds/DM-CGS-04.wav
  artifactKey: Guid(c5e2a73ad4706440f93bf05df0b465fe) Importer(815301076,1909f56bfc062723c751e8b465ee728b)
Start importing Assets/CasualGameSounds/DM-CGS-04.wav using Guid(c5e2a73ad4706440f93bf05df0b465fe) Importer(815301076,1909f56bfc062723c751e8b465ee728b)  -> (artifact id: '23535c064432bd37aa154d0a5c7c8e3e') in 0.309592 seconds
  Import took 0.313715 seconds .

========================================================================
Received Import Request.
  Time since last request: 0.000205 seconds.
  path: Assets/CasualGameSounds/DM-CGS-01.wav
  artifactKey: Guid(32d4b1811dda14a6cb9e059ee8ad17d2) Importer(815301076,1909f56bfc062723c751e8b465ee728b)
Start importing Assets/CasualGameSounds/DM-CGS-01.wav using Guid(32d4b1811dda14a6cb9e059ee8ad17d2) Importer(815301076,1909f56bfc062723c751e8b465ee728b)  -> (artifact id: '7bf25e488cfbc965c8bb0765a3945288') in 0.041928 seconds
  Import took 0.044936 seconds .

========================================================================
Received Import Request.
  Time since last request: 0.000202 seconds.
  path: Assets/CasualGameSounds/DM-CGS-03.wav
  artifactKey: Guid(19f89c6e740e7447f9e12a8310d3e973) Importer(815301076,1909f56bfc062723c751e8b465ee728b)
Start importing Assets/CasualGameSounds/DM-CGS-03.wav using Guid(19f89c6e740e7447f9e12a8310d3e973) Importer(815301076,1909f56bfc062723c751e8b465ee728b)  -> (artifact id: '69428e4fd235e63787b2da26b0d18721') in 0.045989 seconds
  Import took 0.049943 seconds .

========================================================================
Received Import Request.
  Time since last request: 0.000543 seconds.
  path: Assets/CasualGameSounds/DM-CGS-02.wav
  artifactKey: Guid(dc6614beca09347ec9b258f12d154bdd) Importer(815301076,1909f56bfc062723c751e8b465ee728b)
Start importing Assets/CasualGameSounds/DM-CGS-02.wav using Guid(dc6614beca09347ec9b258f12d154bdd) Importer(815301076,1909f56bfc062723c751e8b465ee728b)  -> (artifact id: '7a62e1c65776b9e79f122950478db4dc') in 0.041231 seconds
  Import took 0.044601 seconds .

========================================================================
Received Import Request.
  Time since last request: 4.642758 seconds.
  path: Assets/CasualGameSounds/DM-CGS-05.wav
  artifactKey: Guid(b99da9a57308d4ba1bee1cf1d9038376) Importer(815301076,1909f56bfc062723c751e8b465ee728b)
Start importing Assets/CasualGameSounds/DM-CGS-05.wav using Guid(b99da9a57308d4ba1bee1cf1d9038376) Importer(815301076,1909f56bfc062723c751e8b465ee728b)  -> (artifact id: '55666a24de47c382f74e05f693e75c06') in 0.055147 seconds
  Import took 0.060568 seconds .

========================================================================
Received Import Request.
  Time since last request: 2.429690 seconds.
  path: Assets/CasualGameSounds/DM-CGS-07.wav
  artifactKey: Guid(2c5292ba5cf254919a6b9e2b18e04f49) Importer(815301076,1909f56bfc062723c751e8b465ee728b)
Start importing Assets/CasualGameSounds/DM-CGS-07.wav using Guid(2c5292ba5cf254919a6b9e2b18e04f49) Importer(815301076,1909f56bfc062723c751e8b465ee728b)  -> (artifact id: 'c9940b2475b4463dee1f5641e05af8c4') in 0.125665 seconds
  Import took 0.129532 seconds .

========================================================================
Received Import Request.
  Time since last request: 3.943998 seconds.
  path: Assets/CasualGameSounds/DM-CGS-08.wav
  artifactKey: Guid(4e1ff8faed12a475eba9be0e46072269) Importer(815301076,1909f56bfc062723c751e8b465ee728b)
Start importing Assets/CasualGameSounds/DM-CGS-08.wav using Guid(4e1ff8faed12a475eba9be0e46072269) Importer(815301076,1909f56bfc062723c751e8b465ee728b)  -> (artifact id: '50e3d24bc6cd4fc6dd5b0cf4f193c1eb') in 0.051425 seconds
  Import took 0.054692 seconds .

========================================================================
Received Import Request.
  Time since last request: 1.407135 seconds.
  path: Assets/CasualGameSounds/DM-CGS-09.wav
  artifactKey: Guid(ff5f85da24bc943d1abdc5760a22bc81) Importer(815301076,1909f56bfc062723c751e8b465ee728b)
Start importing Assets/CasualGameSounds/DM-CGS-09.wav using Guid(ff5f85da24bc943d1abdc5760a22bc81) Importer(815301076,1909f56bfc062723c751e8b465ee728b)  -> (artifact id: '4fad1ed06516d91589987bb37e6f6167') in 0.083627 seconds
  Import took 0.086857 seconds .

========================================================================
Received Import Request.
  Time since last request: 1.881105 seconds.
  path: Assets/CasualGameSounds/DM-CGS-10.wav
  artifactKey: Guid(cabfae866cab347928b74b7d0ca6bfa9) Importer(815301076,1909f56bfc062723c751e8b465ee728b)
Start importing Assets/CasualGameSounds/DM-CGS-10.wav using Guid(cabfae866cab347928b74b7d0ca6bfa9) Importer(815301076,1909f56bfc062723c751e8b465ee728b)  -> (artifact id: '7ecf9e825639c592d161abb70fda9dd4') in 0.051368 seconds
  Import took 0.056831 seconds .

========================================================================
Received Import Request.
  Time since last request: 2.318851 seconds.
  path: Assets/CasualGameSounds/DM-CGS-11.wav
  artifactKey: Guid(a0010a1a0c474473b81729eb770c485f) Importer(815301076,1909f56bfc062723c751e8b465ee728b)
Start importing Assets/CasualGameSounds/DM-CGS-11.wav using Guid(a0010a1a0c474473b81729eb770c485f) Importer(815301076,1909f56bfc062723c751e8b465ee728b)  -> (artifact id: '40433b5a75f5c429d0d01192d507b257') in 0.060306 seconds
  Import took 0.067290 seconds .

========================================================================
Received Import Request.
  Time since last request: 3.485814 seconds.
  path: Assets/CasualGameSounds/DM-CGS-12.wav
  artifactKey: Guid(7478151cf36724a7dada558f746c3633) Importer(815301076,1909f56bfc062723c751e8b465ee728b)
Start importing Assets/CasualGameSounds/DM-CGS-12.wav using Guid(7478151cf36724a7dada558f746c3633) Importer(815301076,1909f56bfc062723c751e8b465ee728b)  -> (artifact id: '0092a9bafa575a57fe0e9d034fbd9cda') in 0.084962 seconds
  Import took 0.091219 seconds .

========================================================================
Received Import Request.
  Time since last request: 4.815536 seconds.
  path: Assets/CasualGameSounds/DM-CGS-14.wav
  artifactKey: Guid(b6428d4edb06344ba829da4edd9967c1) Importer(815301076,1909f56bfc062723c751e8b465ee728b)
Start importing Assets/CasualGameSounds/DM-CGS-14.wav using Guid(b6428d4edb06344ba829da4edd9967c1) Importer(815301076,1909f56bfc062723c751e8b465ee728b)  -> (artifact id: 'b52768a266832ac52af842bbe46c4aee') in 0.057258 seconds
  Import took 0.061098 seconds .

========================================================================
Received Import Request.
  Time since last request: 0.347120 seconds.
  path: Assets/CasualGameSounds/DM-CGS-13.wav
  artifactKey: Guid(72127805eb2bc4e7fbf2e02eca266cfa) Importer(815301076,1909f56bfc062723c751e8b465ee728b)
Start importing Assets/CasualGameSounds/DM-CGS-13.wav using Guid(72127805eb2bc4e7fbf2e02eca266cfa) Importer(815301076,1909f56bfc062723c751e8b465ee728b)  -> (artifact id: '527119e177abb772e3f7c3eb7dfb9c36') in 0.178836 seconds
  Import took 0.181690 seconds .

========================================================================
Received Import Request.
  Time since last request: 5.214666 seconds.
  path: Assets/CasualGameSounds/DM-CGS-15.wav
  artifactKey: Guid(0c008ee3ee72a4362a35be25fa5de043) Importer(815301076,1909f56bfc062723c751e8b465ee728b)
Start importing Assets/CasualGameSounds/DM-CGS-15.wav using Guid(0c008ee3ee72a4362a35be25fa5de043) Importer(815301076,1909f56bfc062723c751e8b465ee728b)  -> (artifact id: 'ff90fadc76c6a430b4b9b3101db6d70e') in 0.058360 seconds
  Import took 0.062141 seconds .

========================================================================
Received Import Request.
  Time since last request: 1.345945 seconds.
  path: Assets/CasualGameSounds/DM-CGS-16.wav
  artifactKey: Guid(724131bc8a7f34041bb9f1701f0cb58d) Importer(815301076,1909f56bfc062723c751e8b465ee728b)
Start importing Assets/CasualGameSounds/DM-CGS-16.wav using Guid(724131bc8a7f34041bb9f1701f0cb58d) Importer(815301076,1909f56bfc062723c751e8b465ee728b)  -> (artifact id: '369de5843e1050841ef875d11a719988') in 0.051403 seconds
  Import took 0.055213 seconds .

========================================================================
Received Import Request.
  Time since last request: 2.018907 seconds.
  path: Assets/CasualGameSounds/DM-CGS-17.wav
  artifactKey: Guid(b9eff218e132a4e76be78840eca96fb2) Importer(815301076,1909f56bfc062723c751e8b465ee728b)
Start importing Assets/CasualGameSounds/DM-CGS-17.wav using Guid(b9eff218e132a4e76be78840eca96fb2) Importer(815301076,1909f56bfc062723c751e8b465ee728b)  -> (artifact id: '4e41b8755d89f90e189049b38aefc1dd') in 0.050926 seconds
  Import took 0.055540 seconds .

========================================================================
Received Import Request.
  Time since last request: 5.208671 seconds.
  path: Assets/CasualGameSounds/DM-CGS-18.wav
  artifactKey: Guid(2667a0a008b044e218b63df62e2be749) Importer(815301076,1909f56bfc062723c751e8b465ee728b)
Start importing Assets/CasualGameSounds/DM-CGS-18.wav using Guid(2667a0a008b044e218b63df62e2be749) Importer(815301076,1909f56bfc062723c751e8b465ee728b)  -> (artifact id: '3cbe50522bd4ada1e143c96f50e8f79e') in 0.072060 seconds
  Import took 0.078685 seconds .

========================================================================
Received Import Request.
  Time since last request: 3.545107 seconds.
  path: Assets/CasualGameSounds/DM-CGS-19.wav
  artifactKey: Guid(81652031b64c342cc8dbc59c138d77c5) Importer(815301076,1909f56bfc062723c751e8b465ee728b)
Start importing Assets/CasualGameSounds/DM-CGS-19.wav using Guid(81652031b64c342cc8dbc59c138d77c5) Importer(815301076,1909f56bfc062723c751e8b465ee728b)  -> (artifact id: 'd49f0048af8ab7486d5d6eda702343c7') in 0.046820 seconds
  Import took 0.050574 seconds .

========================================================================
Received Import Request.
  Time since last request: 1.243886 seconds.
  path: Assets/CasualGameSounds/DM-CGS-20.wav
  artifactKey: Guid(6e8772b49f34d402a90016ed445d8a2f) Importer(815301076,1909f56bfc062723c751e8b465ee728b)
Start importing Assets/CasualGameSounds/DM-CGS-20.wav using Guid(6e8772b49f34d402a90016ed445d8a2f) Importer(815301076,1909f56bfc062723c751e8b465ee728b)  -> (artifact id: '9a508fe66dc31bd7d81b988ce9c2fd5e') in 0.051704 seconds
  Import took 0.054524 seconds .

========================================================================
Received Import Request.
  Time since last request: 25.880602 seconds.
  path: Assets/CasualGameSounds/DM-CGS-21.wav
  artifactKey: Guid(ffb159a21c8a04135a5616979c828fab) Importer(815301076,1909f56bfc062723c751e8b465ee728b)
Start importing Assets/CasualGameSounds/DM-CGS-21.wav using Guid(ffb159a21c8a04135a5616979c828fab) Importer(815301076,1909f56bfc062723c751e8b465ee728b)  -> (artifact id: '8135a8feae0db3fefb0bb75f5e54e3a3') in 0.059980 seconds
  Import took 0.069859 seconds .

========================================================================
Received Import Request.
  Time since last request: 2.653001 seconds.
  path: Assets/CasualGameSounds/DM-CGS-22.wav
  artifactKey: Guid(d8d04c6f80a1140db85ede568dab1f51) Importer(815301076,1909f56bfc062723c751e8b465ee728b)
Start importing Assets/CasualGameSounds/DM-CGS-22.wav using Guid(d8d04c6f80a1140db85ede568dab1f51) Importer(815301076,1909f56bfc062723c751e8b465ee728b)  -> (artifact id: '3e3bdd998254860824a435d3f4e0e4dd') in 0.058817 seconds
  Import took 0.067055 seconds .

========================================================================
Received Import Request.
  Time since last request: 2.447085 seconds.
  path: Assets/CasualGameSounds/DM-CGS-23.wav
  artifactKey: Guid(a0ca8964c08d54c5dbebf245bdc474ca) Importer(815301076,1909f56bfc062723c751e8b465ee728b)
Start importing Assets/CasualGameSounds/DM-CGS-23.wav using Guid(a0ca8964c08d54c5dbebf245bdc474ca) Importer(815301076,1909f56bfc062723c751e8b465ee728b)  -> (artifact id: '4e1382e2744f6ded07546abd0a52f86d') in 0.051133 seconds
  Import took 0.056803 seconds .

========================================================================
Received Import Request.
  Time since last request: 2.046052 seconds.
  path: Assets/CasualGameSounds/DM-CGS-24.wav
  artifactKey: Guid(657578e4be6b64dbf9b09deada272e55) Importer(815301076,1909f56bfc062723c751e8b465ee728b)
Start importing Assets/CasualGameSounds/DM-CGS-24.wav using Guid(657578e4be6b64dbf9b09deada272e55) Importer(815301076,1909f56bfc062723c751e8b465ee728b)  -> (artifact id: '2d5d94b9c787f0629bb157de4ddbd154') in 0.056987 seconds
  Import took 0.060075 seconds .

========================================================================
Received Import Request.
  Time since last request: 2.510088 seconds.
  path: Assets/CasualGameSounds/DM-CGS-25.wav
  artifactKey: Guid(5fdb13d3756c84fecac96f5a2d124370) Importer(815301076,1909f56bfc062723c751e8b465ee728b)
Start importing Assets/CasualGameSounds/DM-CGS-25.wav using Guid(5fdb13d3756c84fecac96f5a2d124370) Importer(815301076,1909f56bfc062723c751e8b465ee728b)  -> (artifact id: 'd041802a7faefd2bb651ec7c670935d1') in 0.065386 seconds
  Import took 0.071259 seconds .

========================================================================
Received Prepare
Registering precompiled user dll's ...
Registered in 0.000940 seconds.
Begin MonoManager ReloadAssembly
Native extension for Lumin target not found
Native extension for LinuxStandalone target not found
Native extension for WindowsStandalone target not found
Native extension for OSXStandalone target not found
Native extension for WebGL target not found
Refreshing native plugins compatible for Editor in 0.38 ms, found 0 plugins.
Preloading 0 native plugins for Editor in 0.00 ms.
Invoked RoslynAnalysisRunner static constructor.
RoslynAnalysisRunner will not be running.
RoslynAnalysisRunner has terminated.
Mono: successfully reloaded assembly
- Completed reload, in  1.123 seconds
Platform modules already initialized, skipping
Refreshing native plugins compatible for Editor in 0.32 ms, found 0 plugins.
Preloading 0 native plugins for Editor in 0.00 ms.
Unloading 1398 Unused Serialized files (Serialized files now loaded: 0)
System memory in use before: 83.0 MB.
System memory in use after: 83.0 MB.

Unloading 5 unused Assets to reduce memory usage. Loaded Objects now: 1883.
Total: 2.334700 ms (FindLiveObjects: 0.325500 ms CreateObjectMapping: 0.121200 ms MarkObjects: 1.816500 ms  DeleteObjects: 0.068500 ms)

========================================================================
Received Import Request.
  Time since last request: 185.679272 seconds.
  path: Assets/Scenes/GameplayLevel.unity
  artifactKey: Guid(971df8c3c7d4ba947a833275c9aea0ad) Importer(815301076,1909f56bfc062723c751e8b465ee728b)
Start importing Assets/Scenes/GameplayLevel.unity using Guid(971df8c3c7d4ba947a833275c9aea0ad) Importer(815301076,1909f56bfc062723c751e8b465ee728b)  -> (artifact id: 'f88de7bb66a2ed39a162caba29ed5039') in 0.032050 seconds
  Import took 0.035099 seconds .

========================================================================
Received Import Request.
  Time since last request: 0.048201 seconds.
  path: Assets/Scenes/GameplayLevel.unity
  artifactKey: Guid(971df8c3c7d4ba947a833275c9aea0ad) Importer(815301076,1909f56bfc062723c751e8b465ee728b)
Start importing Assets/Scenes/GameplayLevel.unity using Guid(971df8c3c7d4ba947a833275c9aea0ad) Importer(815301076,1909f56bfc062723c751e8b465ee728b)  -> (artifact id: 'f88de7bb66a2ed39a162caba29ed5039') in 0.016370 seconds
  Import took 0.020430 seconds .

========================================================================
Received Import Request.
  Time since last request: 289.874853 seconds.
  path: Assets/Low Poly Animated People/- Models
  artifactKey: Guid(09df8576154d54a64bffbd8a4a1704b4) Importer(815301076,1909f56bfc062723c751e8b465ee728b)
Start importing Assets/Low Poly Animated People/- Models using Guid(09df8576154d54a64bffbd8a4a1704b4) Importer(815301076,1909f56bfc062723c751e8b465ee728b)  -> (artifact id: 'e216c1f6256a607fbe78ca589e90b6a2') in 0.025989 seconds
  Import took 0.031145 seconds .

========================================================================
Received Import Request.
  Time since last request: 74.152770 seconds.
  path: Assets/Low Poly Animated People/- Textures
  artifactKey: Guid(d22b396873aea40f8aa562b28f3d73e3) Importer(815301076,1909f56bfc062723c751e8b465ee728b)
Start importing Assets/Low Poly Animated People/- Textures using Guid(d22b396873aea40f8aa562b28f3d73e3) Importer(815301076,1909f56bfc062723c751e8b465ee728b)  -> (artifact id: 'a14f99064779a30185e38e8a0caf607c') in 0.022936 seconds
  Import took 0.026266 seconds .

========================================================================
Received Import Request.
  Time since last request: 52.541237 seconds.
  path: Assets/Low Poly Animated People/- Animations
  artifactKey: Guid(0aa988f430b4c254bac04d5399d5a7f4) Importer(815301076,1909f56bfc062723c751e8b465ee728b)
Start importing Assets/Low Poly Animated People/- Animations using Guid(0aa988f430b4c254bac04d5399d5a7f4) Importer(815301076,1909f56bfc062723c751e8b465ee728b)  -> (artifact id: '90a438a38cafa61690d9e1c1c43afe5c') in 0.025479 seconds
  Import took 0.028794 seconds .

========================================================================
Received Import Request.
  Time since last request: 0.348427 seconds.
  path: Assets/Low Poly Animated People/- Animator Controllers
  artifactKey: Guid(de145e9d85ffc2c4ca34dc708db0cec0) Importer(815301076,1909f56bfc062723c751e8b465ee728b)
Start importing Assets/Low Poly Animated People/- Animator Controllers using Guid(de145e9d85ffc2c4ca34dc708db0cec0) Importer(815301076,1909f56bfc062723c751e8b465ee728b)  -> (artifact id: 'c72362a437b106cf247361671dfc7b7c') in 0.023360 seconds
  Import took 0.028514 seconds .

========================================================================
Received Import Request.
  Time since last request: 5.608925 seconds.
  path: Assets/Low Poly Animated People/- Animations/In Place
  artifactKey: Guid(dcec5c9e15ab25b40a3e4aedf1ce2c88) Importer(815301076,1909f56bfc062723c751e8b465ee728b)
Start importing Assets/Low Poly Animated People/- Animations/In Place using Guid(dcec5c9e15ab25b40a3e4aedf1ce2c88) Importer(815301076,1909f56bfc062723c751e8b465ee728b)  -> (artifact id: 'ef8caec3c0eb073389567f8fc08af6c5') in 0.022522 seconds
  Import took 0.026330 seconds .

========================================================================
Received Import Request.
  Time since last request: 30.334044 seconds.
  path: Assets/Low Poly Animated People/- Animator Controllers/Base Controller.controller
  artifactKey: Guid(5ca8df82ba2b05d4db35361646a78809) Importer(815301076,1909f56bfc062723c751e8b465ee728b)
Start importing Assets/Low Poly Animated People/- Animator Controllers/Base Controller.controller using Guid(5ca8df82ba2b05d4db35361646a78809) Importer(815301076,1909f56bfc062723c751e8b465ee728b)  -> (artifact id: '6cb09cbf9d90d50a2bdb443fb25ca2b3') in 0.143541 seconds
  Import took 0.148025 seconds .

========================================================================
Received Import Request.
  Time since last request: 0.008585 seconds.
  path: Assets/Low Poly Animated People/- Animator Controllers/Base Controller.controller
  artifactKey: Guid(5ca8df82ba2b05d4db35361646a78809) Importer(815301076,1909f56bfc062723c751e8b465ee728b)
Start importing Assets/Low Poly Animated People/- Animator Controllers/Base Controller.controller using Guid(5ca8df82ba2b05d4db35361646a78809) Importer(815301076,1909f56bfc062723c751e8b465ee728b)  -> (artifact id: '6cb09cbf9d90d50a2bdb443fb25ca2b3') in 0.025437 seconds
  Import took 0.030541 seconds .

========================================================================
Received Import Request.
  Time since last request: 121.285691 seconds.
  path: Assets/Scenes/MainMenu.unity
  artifactKey: Guid(9fc0d4010bbf28b4594072e72b8655ab) Importer(815301076,1909f56bfc062723c751e8b465ee728b)
Start importing Assets/Scenes/MainMenu.unity using Guid(9fc0d4010bbf28b4594072e72b8655ab) Importer(815301076,1909f56bfc062723c751e8b465ee728b)  -> (artifact id: 'd428a482e324ce3d16b8d829eebd7bfd') in 0.212884 seconds
  Import took 0.217362 seconds .

========================================================================
Received Prepare
Registering precompiled user dll's ...
Registered in 0.000770 seconds.
Begin MonoManager ReloadAssembly
Native extension for Lumin target not found
Native extension for LinuxStandalone target not found
Native extension for WindowsStandalone target not found
Native extension for OSXStandalone target not found
Native extension for WebGL target not found
Refreshing native plugins compatible for Editor in 0.42 ms, found 0 plugins.
Preloading 0 native plugins for Editor in 0.00 ms.
Invoked RoslynAnalysisRunner static constructor.
RoslynAnalysisRunner will not be running.
RoslynAnalysisRunner has terminated.
Mono: successfully reloaded assembly
- Completed reload, in  1.180 seconds
Platform modules already initialized, skipping
Refreshing native plugins compatible for Editor in 0.52 ms, found 0 plugins.
Preloading 0 native plugins for Editor in 0.00 ms.
Unloading 1398 Unused Serialized files (Serialized files now loaded: 0)
System memory in use before: 83.7 MB.
System memory in use after: 83.7 MB.

Unloading 5 unused Assets to reduce memory usage. Loaded Objects now: 1885.
Total: 8.386000 ms (FindLiveObjects: 0.442200 ms CreateObjectMapping: 0.089200 ms MarkObjects: 7.637300 ms  DeleteObjects: 0.212900 ms)

========================================================================
Received Prepare
Registering precompiled user dll's ...
Registered in 0.001009 seconds.
Begin MonoManager ReloadAssembly
Native extension for Lumin target not found
Native extension for LinuxStandalone target not found
Native extension for WindowsStandalone target not found
Native extension for OSXStandalone target not found
Native extension for WebGL target not found
Refreshing native plugins compatible for Editor in 0.31 ms, found 0 plugins.
Preloading 0 native plugins for Editor in 0.00 ms.
Invoked RoslynAnalysisRunner static constructor.
RoslynAnalysisRunner will not be running.
RoslynAnalysisRunner has terminated.
Mono: successfully reloaded assembly
- Completed reload, in  1.125 seconds
Platform modules already initialized, skipping
Refreshing native plugins compatible for Editor in 0.36 ms, found 0 plugins.
Preloading 0 native plugins for Editor in 0.00 ms.
Unloading 1398 Unused Serialized files (Serialized files now loaded: 0)
System memory in use before: 84.0 MB.
System memory in use after: 84.1 MB.

Unloading 5 unused Assets to reduce memory usage. Loaded Objects now: 1887.
Total: 3.528700 ms (FindLiveObjects: 0.273500 ms CreateObjectMapping: 0.087100 ms MarkObjects: 3.089900 ms  DeleteObjects: 0.076100 ms)

========================================================================
Received Prepare
Registering precompiled user dll's ...
Registered in 0.001061 seconds.
Begin MonoManager ReloadAssembly
Native extension for Lumin target not found
Native extension for LinuxStandalone target not found
Native extension for WindowsStandalone target not found
Native extension for OSXStandalone target not found
Native extension for WebGL target not found
Refreshing native plugins compatible for Editor in 0.35 ms, found 0 plugins.
Preloading 0 native plugins for Editor in 0.00 ms.
Invoked RoslynAnalysisRunner static constructor.
RoslynAnalysisRunner will not be running.
RoslynAnalysisRunner has terminated.
Mono: successfully reloaded assembly
- Completed reload, in  1.186 seconds
Platform modules already initialized, skipping
Refreshing native plugins compatible for Editor in 0.75 ms, found 0 plugins.
Preloading 0 native plugins for Editor in 0.00 ms.
Unloading 1398 Unused Serialized files (Serialized files now loaded: 0)
System memory in use before: 83.8 MB.
System memory in use after: 83.9 MB.

Unloading 5 unused Assets to reduce memory usage. Loaded Objects now: 1889.
Total: 3.222600 ms (FindLiveObjects: 0.353400 ms CreateObjectMapping: 0.189400 ms MarkObjects: 2.614900 ms  DeleteObjects: 0.062400 ms)

========================================================================
Received Prepare
